<?xml version="1.0" encoding="UTF-8"?>
<!-- Generated by org.testng.reporters.JUnitXMLReporter -->
<testsuite ignored="3" hostname="DESKTOP-F7L9F4L" failures="0" tests="1" name="Project2 tests" time="16.078" errors="0" timestamp="2020-07-21T21:44:55 MSK">
  <testcase classname="com.snytko.project.AppTest" name="init3" time="4.393"/>
  <testcase classname="com.snytko.project.AppTest" name="init1" time="0.0">
    <ignored/>
  </testcase> <!-- init1 -->
  <testcase classname="com.snytko.project.AppTest" name="init4" time="0.0">
    <ignored/>
  </testcase> <!-- init4 -->
  <testcase classname="com.snytko.project.AppTest" name="init5" time="0.0">
    <ignored/>
  </testcase> <!-- init5 -->
</testsuite> <!-- Project2 tests -->
