<?xml version="1.0" encoding="UTF-8"?>
<!-- Generated by org.testng.reporters.JUnitXMLReporter -->
<testsuite ignored="3" hostname="DESKTOP-F7L9F4L" failures="0" tests="1" name="Project3 tests" time="17.258" errors="0" timestamp="2020-07-21T21:44:56 MSK">
  <testcase classname="com.snytko.project.AppTest" name="init5" time="5.451"/>
  <testcase classname="com.snytko.project.AppTest" name="init2" time="0.0">
    <ignored/>
  </testcase> <!-- init2 -->
  <testcase classname="com.snytko.project.AppTest" name="init1" time="0.0">
    <ignored/>
  </testcase> <!-- init1 -->
  <testcase classname="com.snytko.project.AppTest" name="init3" time="0.0">
    <ignored/>
  </testcase> <!-- init3 -->
</testsuite> <!-- Project3 tests -->
