<?xml version="1.0" encoding="UTF-8"?>
<!-- Generated by org.testng.reporters.JUnitXMLReporter -->
<testsuite ignored="4" hostname="DESKTOP-F7L9F4L" failures="0" tests="3" name="Project tests" time="13.289" errors="0" timestamp="2020-07-21T21:44:53 MSK">
  <testcase classname="com.snytko.project.AppTest" name="init2" time="9.61"/>
  <testcase classname="com.snytko.project.AppTest" name="init4" time="9.735"/>
  <testcase classname="com.snytko.project.AppTest" name="init1" time="10.818"/>
  <testcase classname="com.snytko.project.AppTest" name="init2" time="0.0">
    <ignored/>
  </testcase> <!-- init2 -->
  <testcase classname="com.snytko.project.AppTest" name="init4" time="0.0">
    <ignored/>
  </testcase> <!-- init4 -->
  <testcase classname="com.snytko.project.AppTest" name="init3" time="0.0">
    <ignored/>
  </testcase> <!-- init3 -->
  <testcase classname="com.snytko.project.AppTest" name="init5" time="0.0">
    <ignored/>
  </testcase> <!-- init5 -->
</testsuite> <!-- Project tests -->
