<?xml version="1.0" encoding="UTF-8"?>
<testng-results ignored="4" total="5" passed="1" failed="0" skipped="0">
  <reporter-output>
  </reporter-output>
  <suite started-at="2020-07-28T14:34:01 MSK" name="Default suite" finished-at="2020-07-28T14:34:07 MSK" duration-ms="6134">
    <groups>
    </groups>
    <test started-at="2020-07-28T14:34:01 MSK" name="Default test" finished-at="2020-07-28T14:34:07 MSK" duration-ms="6134">
      <class name="com.snytko.project.AppTest">
        <test-method is-config="true" signature="startDriver()[pri:0, instance:com.snytko.project.AppTest@3901d134]" started-at="2020-07-28T14:34:01 MSK" name="startDriver" finished-at="2020-07-28T14:34:01 MSK" duration-ms="6" status="PASS">
          <reporter-output>
          </reporter-output>
        </test-method> <!-- startDriver -->
        <test-method signature="init1()[pri:0, instance:com.snytko.project.AppTest@3901d134]" started-at="2020-07-28T14:34:01 MSK" name="init1" finished-at="2020-07-28T14:34:06 MSK" duration-ms="5164" status="PASS">
          <reporter-output>
          </reporter-output>
        </test-method> <!-- init1 -->
        <test-method is-config="true" signature="quitDriver()[pri:0, instance:com.snytko.project.AppTest@3901d134]" started-at="2020-07-28T14:34:06 MSK" name="quitDriver" finished-at="2020-07-28T14:34:07 MSK" duration-ms="941" status="PASS">
          <reporter-output>
          </reporter-output>
        </test-method> <!-- quitDriver -->
      </class> <!-- com.snytko.project.AppTest -->
    </test> <!-- Default test -->
  </suite> <!-- Default suite -->
</testng-results>
